
    <dependency>
        <groupId>com.h2database</groupId>
        <artifactId>h2</artifactId>
        <version>1.4.190</version>
    </dependency>

    <dependency>
        <groupId>org.codehaus.groovy</groupId>
        <artifactId>groovy-all</artifactId>
        <version>2.4.12</version>
    </dependency>

    <dependency>
        <groupId>org.slf4j</groupId>
        <artifactId>jcl-over-slf4j</artifactId>
        <version>1.7.26</version>
    </dependency>

    <dependency>
        <groupId>org.slf4j</groupId>
        <artifactId>log4j-over-slf4j</artifactId>
        <version>1.7.26</version>
    </dependency>

    <dependency>
        <groupId>org.slf4j</groupId>
        <artifactId>slf4j-jdk14</artifactId>
        <version>1.7.26</version>
    </dependency>

    <dependency>
        <groupId>org.jenkins-ci.plugins.workflow</groupId>
        <artifactId>workflow-api</artifactId>
        <version>2.32</version>
    </dependency>
